2023-03-16 19:18:22: [32m[Nest] 99671  - [39m2023/03/16 19:18:22 [32m    LOG[39m [38;5;3m[NestFactory] [39m[32mStarting Nest application...[39m
2023-03-16 19:18:22: [32m[Nest] 99671  - [39m2023/03/16 19:18:22 [32m    LOG[39m [38;5;3m[InstanceLoader] [39m[32mTypeOrmModule dependencies initialized[39m[38;5;3m +123ms[39m
2023-03-16 19:18:22: [32m[Nest] 99671  - [39m2023/03/16 19:18:22 [32m    LOG[39m [38;5;3m[InstanceLoader] [39m[32mConfigHostModule dependencies initialized[39m[38;5;3m +1ms[39m
2023-03-16 19:18:22: [32m[Nest] 99671  - [39m2023/03/16 19:18:22 [32m    LOG[39m [38;5;3m[InstanceLoader] [39m[32mServeStaticModule dependencies initialized[39m[38;5;3m +1ms[39m
2023-03-16 19:18:22: [32m[Nest] 99671  - [39m2023/03/16 19:18:22 [32m    LOG[39m [38;5;3m[InstanceLoader] [39m[32mServeStaticModule dependencies initialized[39m[38;5;3m +0ms[39m
2023-03-16 19:18:22: [32m[Nest] 99671  - [39m2023/03/16 19:18:22 [32m    LOG[39m [38;5;3m[InstanceLoader] [39m[32mAppModule dependencies initialized[39m[38;5;3m +0ms[39m
2023-03-16 19:18:22: [32m[Nest] 99671  - [39m2023/03/16 19:18:22 [32m    LOG[39m [38;5;3m[InstanceLoader] [39m[32mConfigModule dependencies initialized[39m[38;5;3m +1ms[39m
2023-03-16 19:18:23: [32m[Nest] 99671  - [39m2023/03/16 19:18:23 [32m    LOG[39m [38;5;3m[InstanceLoader] [39m[32mTypeOrmCoreModule dependencies initialized[39m[38;5;3m +45ms[39m
2023-03-16 19:18:23: [32m[Nest] 99671  - [39m2023/03/16 19:18:23 [32m    LOG[39m [38;5;3m[InstanceLoader] [39m[32mTypeOrmModule dependencies initialized[39m[38;5;3m +0ms[39m
2023-03-16 19:18:23: [32m[Nest] 99671  - [39m2023/03/16 19:18:23 [32m    LOG[39m [38;5;3m[InstanceLoader] [39m[32mTypeOrmModule dependencies initialized[39m[38;5;3m +1ms[39m
2023-03-16 19:18:23: [32m[Nest] 99671  - [39m2023/03/16 19:18:23 [32m    LOG[39m [38;5;3m[InstanceLoader] [39m[32mTypeOrmModule dependencies initialized[39m[38;5;3m +0ms[39m
2023-03-16 19:18:23: [32m[Nest] 99671  - [39m2023/03/16 19:18:23 [32m    LOG[39m [38;5;3m[InstanceLoader] [39m[32mProjectModule dependencies initialized[39m[38;5;3m +1ms[39m
2023-03-16 19:18:23: [32m[Nest] 99671  - [39m2023/03/16 19:18:23 [32m    LOG[39m [38;5;3m[InstanceLoader] [39m[32mTaskModule dependencies initialized[39m[38;5;3m +0ms[39m
2023-03-16 19:18:23: [32m[Nest] 99671  - [39m2023/03/16 19:18:23 [32m    LOG[39m [38;5;3m[InstanceLoader] [39m[32mPerformanceModule dependencies initialized[39m[38;5;3m +0ms[39m
2023-03-16 19:18:23: [32m[Nest] 99671  - [39m2023/03/16 19:18:23 [32m    LOG[39m [38;5;3m[RoutesResolver] [39m[32mProjectController {/api/v1/project}:[39m[38;5;3m +32ms[39m
2023-03-16 19:18:23: [32m[Nest] 99671  - [39m2023/03/16 19:18:23 [32m    LOG[39m [38;5;3m[RouterExplorer] [39m[32mMapped {/api/v1/project/getProjects, GET} route[39m[38;5;3m +2ms[39m
2023-03-16 19:18:23: [32m[Nest] 99671  - [39m2023/03/16 19:18:23 [32m    LOG[39m [38;5;3m[RouterExplorer] [39m[32mMapped {/api/v1/project/getProject, GET} route[39m[38;5;3m +1ms[39m
2023-03-16 19:18:23: [32m[Nest] 99671  - [39m2023/03/16 19:18:23 [32m    LOG[39m [38;5;3m[RouterExplorer] [39m[32mMapped {/api/v1/project/updateProject, POST} route[39m[38;5;3m +1ms[39m
2023-03-16 19:18:23: [32m[Nest] 99671  - [39m2023/03/16 19:18:23 [32m    LOG[39m [38;5;3m[RouterExplorer] [39m[32mMapped {/api/v1/project/createProject, POST} route[39m[38;5;3m +0ms[39m
2023-03-16 19:18:23: [32m[Nest] 99671  - [39m2023/03/16 19:18:23 [32m    LOG[39m [38;5;3m[RoutesResolver] [39m[32mTaskController {/api/v1/task}:[39m[38;5;3m +0ms[39m
2023-03-16 19:18:23: [32m[Nest] 99671  - [39m2023/03/16 19:18:23 [32m    LOG[39m [38;5;3m[RouterExplorer] [39m[32mMapped {/api/v1/task/getTasks, GET} route[39m[38;5;3m +1ms[39m
2023-03-16 19:18:23: [32m[Nest] 99671  - [39m2023/03/16 19:18:23 [32m    LOG[39m [38;5;3m[RouterExplorer] [39m[32mMapped {/api/v1/task/getTask, GET} route[39m[38;5;3m +0ms[39m
2023-03-16 19:18:23: [32m[Nest] 99671  - [39m2023/03/16 19:18:23 [32m    LOG[39m [38;5;3m[RouterExplorer] [39m[32mMapped {/api/v1/task/createTask, POST} route[39m[38;5;3m +1ms[39m
2023-03-16 19:18:23: [32m[Nest] 99671  - [39m2023/03/16 19:18:23 [32m    LOG[39m [38;5;3m[RouterExplorer] [39m[32mMapped {/api/v1/task/updateTask, POST} route[39m[38;5;3m +0ms[39m
2023-03-16 19:18:23: [32m[Nest] 99671  - [39m2023/03/16 19:18:23 [32m    LOG[39m [38;5;3m[RouterExplorer] [39m[32mMapped {/api/v1/task/tryTaskAgain, POST} route[39m[38;5;3m +0ms[39m
2023-03-16 19:18:23: [32m[Nest] 99671  - [39m2023/03/16 19:18:23 [32m    LOG[39m [38;5;3m[RouterExplorer] [39m[32mMapped {/api/v1/task/tryRunTask, POST} route[39m[38;5;3m +1ms[39m
2023-03-16 19:18:23: [32m[Nest] 99671  - [39m2023/03/16 19:18:23 [32m    LOG[39m [38;5;3m[RoutesResolver] [39m[32mPerformanceController {/api/v1/performance}:[39m[38;5;3m +1ms[39m
2023-03-16 19:18:23: [32m[Nest] 99671  - [39m2023/03/16 19:18:23 [32m    LOG[39m [38;5;3m[RouterExplorer] [39m[32mMapped {/api/v1/performance/getPerformancesByTaskId, GET} route[39m[38;5;3m +0ms[39m
2023-03-16 19:18:23: [32m[Nest] 99671  - [39m2023/03/16 19:18:23 [32m    LOG[39m [38;5;3m[NestApplication] [39m[32mNest application successfully started[39m[38;5;3m +6ms[39m
2023-03-16 19:18:23: app is running: http://localhost:4000
2023-03-16 19:18:23: api docs: http://localhost:4000/docs
